[22/09/2017 00:36] Samotage820(159728231019184128) deleted 92 messages in channel anime
[22/09/2017 20:40] Samotage820(159728231019184128) deleted 113 messages in channel general
[22/09/2017 21:00] Samotage820(159728231019184128) deleted 36 messages in channel dev
[01/12/2017 00:47] Samotage820(159728231019184128) deleted 20 messages in channel gamechat
[01/12/2017 00:47] Samotage820(159728231019184128) deleted 4 messages in channel general
[01/12/2017 00:48] Samotage820(159728231019184128) deleted 9 messages in channel general
[04/12/2017 20:36] Samotage820(159728231019184128) deleted 11 messages in channel general
[16/01/2018 21:43] Samotage820(159728231019184128) deleted 15 messages in channel general
[16/01/2018 22:52] Samotage820(159728231019184128) deleted 15 messages in channel general
[16/01/2018 22:53] Samotage820(159728231019184128) deleted 6 messages in channel general
[25/01/2018 16:32] Samotage820(159728231019184128) deleted 6 messages  containing 'It seems there are no hunters here' in channel 159820178467586048
[25/01/2018 16:32] Samotage820(159728231019184128) deleted 4 messages in channel askred
[25/01/2018 16:32] Samotage820(159728231019184128) deleted 2 messages in channel askred
[05/02/2018 22:51] Samotage820(159728231019184128) deleted 3 messages in channel general
[05/02/2018 22:51] Samotage820(159728231019184128) deleted 3 messages in channel general
[05/02/2018 22:51] Samotage820(159728231019184128) deleted 2 messages in channel general
[06/02/2018 19:23] Samotage820(159728231019184128) deleted 20 messages in channel general
[02/03/2018 18:28] Samotage820(159728231019184128) deleted 32 messages in channel general
[02/03/2018 18:36] Samotage820(159728231019184128) deleted 4 messages in channel general
[17/03/2018 21:01] Samotage820(159728231019184128) deleted 58 messages in channel general
[22/08/2018 20:54] Samotage820(159728231019184128) deleted 59 messages in channel music
[29/09/2018 23:37] Samotage820(159728231019184128) deleted 10 messages in channel general
[30/09/2018 22:29] Samotage820(159728231019184128) deleted 22 messages in channel general
[30/09/2018 22:30] Samotage820(159728231019184128) deleted 7 messages in channel general
[30/09/2018 22:30] Samotage820(159728231019184128) deleted 11 messages in channel general
[30/09/2018 22:30] Samotage820(159728231019184128) deleted 4 messages in channel general
[30/09/2018 22:30] Samotage820(159728231019184128) deleted 10 messages in channel general
[30/09/2018 22:32] Samotage820(159728231019184128) deleted 12 messages in channel general
[04/10/2018 21:00] Samotage820(159728231019184128) deleted 35 messages in channel dev
