[22/09/2017 00:03] Samotage820(159728231019184128) set 10 credits to Samotage820 (159728231019184128)
[22/09/2017 00:05] Samotage820(159728231019184128) added 100 credits to LittleWolf (159794049438580737)
[22/09/2017 00:06] Samotage820(159728231019184128) added 1000 credits to LittleWolf (159794049438580737)
[22/09/2017 00:08] Samotage820(159728231019184128) added 69 credits to LittleWolf (159794049438580737)
[22/09/2017 00:08] Samotage820(159728231019184128) added 1 credits to LittleWolf (159794049438580737)
[22/09/2017 00:08] Samotage820(159728231019184128) added 4 credits to LittleWolf (159794049438580737)
[22/09/2017 00:11] Samotage820(159728231019184128) set 5000 credits to knockonwood0 (159826798295646208)
[22/09/2017 00:12] Samotage820(159728231019184128) removed 719 credits to LittleWolf (159794049438580737)
[22/09/2017 00:12] Samotage820(159728231019184128) added 719 credits to LittleWolf (159794049438580737)
[22/09/2017 00:15] Samotage820(159728231019184128) transferred 100 credits to LittleWolf(159794049438580737)
[22/09/2017 00:18] Samotage820(159728231019184128) removed 1000 credits to knockonwood0 (159826798295646208)
[22/09/2017 00:19] Samotage820(159728231019184128) transferred 5 credits to LittleWolf(159794049438580737)
[22/09/2017 00:20] knockonwood0(159826798295646208) transferred 4 credits to LittleWolf(159794049438580737)
[22/09/2017 00:22] Samotage820(159728231019184128) added 50 credits to LittleWolf (159794049438580737)
[22/09/2017 00:23] knockonwood0(159826798295646208) transferred 1 credits to LittleWolf(159794049438580737)
[22/09/2017 00:24] knockonwood0(159826798295646208) transferred 1 credits to LittleWolf(159794049438580737)
[22/09/2017 00:24] knockonwood0(159826798295646208) transferred 1 credits to LittleWolf(159794049438580737)
[22/09/2017 00:24] knockonwood0(159826798295646208) transferred 2 credits to LittleWolf(159794049438580737)
[22/09/2017 00:24] knockonwood0(159826798295646208) transferred 1 credits to LittleWolf(159794049438580737)
[22/09/2017 00:24] knockonwood0(159826798295646208) transferred 5 credits to LittleWolf(159794049438580737)
[22/09/2017 00:25] knockonwood0(159826798295646208) transferred 15 credits to LittleWolf(159794049438580737)
[22/09/2017 00:55] Samotage820(159728231019184128) removed 120 credits to LittleWolf (159794049438580737)
[22/09/2017 00:56] Samotage820(159728231019184128) added 119 credits to LittleWolf (159794049438580737)
[22/09/2017 00:56] Samotage820(159728231019184128) transferred 1 credits to LittleWolf(159794049438580737)
[22/09/2017 01:00] Samotage820(159728231019184128) added 666 credits to LittleWolf (159794049438580737)
[22/09/2017 13:26] Samotage820(159728231019184128) added 1000 credits to bikinirepublic (190670386109612033)
[22/09/2017 13:26] Samotage820(159728231019184128) added 1000 credits to bikinirepublic (190670386109612033)
[22/09/2017 13:27] Samotage820(159728231019184128) set 10000 credits to LittleWolf (159794049438580737)
[22/09/2017 13:57] Samotage820(159728231019184128) removed 1 credits to LittleWolf (159794049438580737)
[25/09/2017 10:35] Samotage820(159728231019184128) added 500 credits to Samotage820 (159728231019184128)
[25/09/2017 10:36] Samotage820(159728231019184128) removed 1 credits to knockonwood0 (159826798295646208)
[01/12/2017 00:28] Samotage820(159728231019184128) removed 69 credits to LittleWolf (159794049438580737)
[01/12/2017 00:31] Samotage820(159728231019184128) removed 10000 credits to LittleWolf (159794049438580737)
[01/12/2017 00:34] Samotage820(159728231019184128) removed 51 credits to emmanem2797 (367460898467479553)
[01/12/2017 00:34] Samotage820(159728231019184128) added 1000 credits to emmanem2797 (367460898467479553)
[01/12/2017 00:36] Samotage820(159728231019184128) added 5000 credits to H40p (68850903678976000)
[01/12/2017 00:50] Samotage820(159728231019184128) added 2000 credits to H40p (68850903678976000)
[01/12/2017 00:50] Samotage820(159728231019184128) added 2000 credits to LittleWolf (159794049438580737)
[01/12/2017 00:50] Samotage820(159728231019184128) added 2000 credits to emmanem2797 (367460898467479553)
[01/12/2017 00:50] Samotage820(159728231019184128) added 2000 credits to knockonwood0 (159826798295646208)
[01/12/2017 00:51] Samotage820(159728231019184128) added 2000 credits to Samotage820 (159728231019184128)
[01/12/2017 00:54] Samotage820(159728231019184128) removed 69 credits to LittleWolf (159794049438580737)
[01/12/2017 00:55] Samotage820(159728231019184128) added 1000 credits to H40p (68850903678976000)
[01/12/2017 00:57] Samotage820(159728231019184128) set 100000 credits to LittleWolf (159794049438580737)
[01/12/2017 00:57] Samotage820(159728231019184128) removed 100000 credits to LittleWolf (159794049438580737)
[01/12/2017 00:57] Samotage820(159728231019184128) set 100000 credits to LittleWolf (159794049438580737)
[01/12/2017 00:57] Samotage820(159728231019184128) removed 100000 credits to LittleWolf (159794049438580737)
[01/12/2017 00:59] Samotage820(159728231019184128) added 1 credits to H40p (68850903678976000)
[01/12/2017 00:59] Samotage820(159728231019184128) added 100 credits to H40p (68850903678976000)
[01/12/2017 01:04] Samotage820(159728231019184128) added 100 credits to LittleWolf (159794049438580737)
[01/12/2017 01:05] Samotage820(159728231019184128) removed 400 credits to emmanem2797 (367460898467479553)
[01/12/2017 01:06] Samotage820(159728231019184128) added 500 credits to emmanem2797 (367460898467479553)
[01/12/2017 01:10] Samotage820(159728231019184128) added 10 credits to LittleWolf (159794049438580737)
[01/12/2017 15:47] Samotage820(159728231019184128) added 1000 credits to Samotage820 (159728231019184128)
[01/12/2017 16:43] Samotage820(159728231019184128) added 1000 credits to templeton11 (230334894360887296)
[29/09/2018 23:56] Samotage820(159728231019184128) added 1000 credits to emmanem (367460898467479553)
